[2021-01-15 18:06:23.069] [exthost] [info] extension host started
[2021-01-15 18:06:23.817] [exthost] [info] ExtensionService#_doActivateExtension vscode.microsoft-authentication {"startup":false,"extensionId":{"value":"vscode.microsoft-authentication","_lower":"vscode.microsoft-authentication"},"activationEvent":"onAuthenticationRequest:microsoft"}
[2021-01-15 18:06:23.817] [exthost] [info] ExtensionService#loadCommonJSModule file:///usr/share/code/resources/app/extensions/microsoft-authentication/dist/extension.js
[2021-01-15 18:06:23.867] [exthost] [info] ExtensionService#_doActivateExtension vscode.emmet {"startup":false,"extensionId":{"value":"vscode.emmet","_lower":"vscode.emmet"},"activationEvent":"onLanguage:html"}
[2021-01-15 18:06:23.876] [exthost] [info] ExtensionService#loadCommonJSModule file:///usr/share/code/resources/app/extensions/emmet/dist/node/emmetNodeMain
[2021-01-15 18:06:23.959] [exthost] [info] ExtensionService#_doActivateExtension vscode.html-language-features {"startup":false,"extensionId":{"value":"vscode.html-language-features","_lower":"vscode.html-language-features"},"activationEvent":"onLanguage:html"}
[2021-01-15 18:06:23.964] [exthost] [info] ExtensionService#loadCommonJSModule file:///usr/share/code/resources/app/extensions/html-language-features/client/dist/node/htmlClientMain
[2021-01-15 18:06:24.022] [exthost] [info] ExtensionService#_doActivateExtension vscode.debug-auto-launch {"startup":true,"extensionId":{"value":"vscode.debug-auto-launch","_lower":"vscode.debug-auto-launch"},"activationEvent":"*"}
[2021-01-15 18:06:24.023] [exthost] [info] ExtensionService#loadCommonJSModule file:///usr/share/code/resources/app/extensions/debug-auto-launch/dist/extension
[2021-01-15 18:06:24.036] [exthost] [info] ExtensionService#_doActivateExtension vscode.git {"startup":true,"extensionId":{"value":"vscode.github","_lower":"vscode.github"},"activationEvent":"*"}
[2021-01-15 18:06:24.036] [exthost] [info] ExtensionService#loadCommonJSModule file:///usr/share/code/resources/app/extensions/git/dist/main
[2021-01-15 18:06:24.106] [exthost] [info] ExtensionService#_doActivateExtension vscode.merge-conflict {"startup":true,"extensionId":{"value":"vscode.merge-conflict","_lower":"vscode.merge-conflict"},"activationEvent":"*"}
[2021-01-15 18:06:24.107] [exthost] [info] ExtensionService#loadCommonJSModule file:///usr/share/code/resources/app/extensions/merge-conflict/dist/mergeConflictMain
[2021-01-15 18:06:24.122] [exthost] [info] ExtensionService#_doActivateExtension vscode.search-result {"startup":true,"extensionId":{"value":"vscode.search-result","_lower":"vscode.search-result"},"activationEvent":"*"}
[2021-01-15 18:06:24.122] [exthost] [info] ExtensionService#loadCommonJSModule file:///usr/share/code/resources/app/extensions/search-result/dist/extension.js
[2021-01-15 18:06:24.137] [exthost] [info] ExtensionService#_doActivateExtension formulahendry.auto-rename-tag {"startup":true,"extensionId":{"value":"formulahendry.auto-rename-tag","_lower":"formulahendry.auto-rename-tag"},"activationEvent":"*"}
[2021-01-15 18:06:24.138] [exthost] [info] ExtensionService#loadCommonJSModule file:///root/.vscode/extensions/formulahendry.auto-rename-tag-0.1.6/packages/extension/dist/extensionMain.js
[2021-01-15 18:06:24.171] [exthost] [info] ExtensionService#_doActivateExtension vscode.npm {"startup":true,"extensionId":{"value":"vscode.npm","_lower":"vscode.npm"},"activationEvent":"workspaceContains:package.json"}
[2021-01-15 18:06:24.180] [exthost] [info] ExtensionService#loadCommonJSModule file:///usr/share/code/resources/app/extensions/npm/dist/npmMain
[2021-01-15 18:06:25.836] [exthost] [info] ExtensionService#_doActivateExtension ms-vscode.js-debug {"startup":false,"extensionId":{"value":"ms-vscode.js-debug","_lower":"ms-vscode.js-debug"},"activationEvent":"onCommand:extension.js-debug.clearAutoAttachVariables"}
[2021-01-15 18:06:25.836] [exthost] [info] ExtensionService#loadCommonJSModule file:///usr/share/code/resources/app/extensions/ms-vscode.js-debug/src/extension.js
[2021-01-15 18:06:26.340] [exthost] [info] ExtensionService#_doActivateExtension vscode.github {"startup":false,"extensionId":{"value":"vscode.github","_lower":"vscode.github"},"activationEvent":"*"}
[2021-01-15 18:06:26.344] [exthost] [info] ExtensionService#loadCommonJSModule file:///usr/share/code/resources/app/extensions/github/dist/extension.js
[2021-01-15 18:06:26.547] [exthost] [info] eager extensions activated
[2021-01-15 18:06:26.756] [exthost] [info] ExtensionService#_doActivateExtension vscode.github-authentication {"startup":false,"extensionId":{"value":"vscode.github-authentication","_lower":"vscode.github-authentication"},"activationEvent":"onAuthenticationRequest:github"}
[2021-01-15 18:06:26.756] [exthost] [info] ExtensionService#loadCommonJSModule file:///usr/share/code/resources/app/extensions/github-authentication/dist/extension.js
