[2021-02-07 12:50:15.672] [renderer1] [error] [File Watcher (node.js)] Error: ENOENT: no such file or directory, stat '/var/www/Client-PHP/.vscode'
[2021-02-07 13:27:37.582] [renderer1] [error] Illegal argument: character must be non-negative: Error: Illegal argument: character must be non-negative
    at Object.t.illegalArgument (/usr/share/code/resources/app/out/vs/workbench/services/extensions/node/extensionHostProcess.js:11:10)
    at new y (/usr/share/code/resources/app/out/vs/workbench/services/extensions/node/extensionHostProcess.js:534:424)
    at new y (/usr/share/code/resources/app/out/vs/workbench/services/extensions/node/extensionHostProcess.js:531:904)
    at asPosition (/root/.vscode/extensions/small.php-ci-0.4.2/node_modules/vscode-languageclient/lib/protocolConverter.js:53:16)
    at asRange (/root/.vscode/extensions/small.php-ci-0.4.2/node_modules/vscode-languageclient/lib/protocolConverter.js:59:31)
    at asSymbolInformation (/root/.vscode/extensions/small.php-ci-0.4.2/node_modules/vscode-languageclient/lib/protocolConverter.js:347:85)
    at /root/.vscode/extensions/small.php-ci-0.4.2/node_modules/vscode-languageclient/lib/protocolConverter.js:336:42
    at Array.map (<anonymous>)
    at Object.asSymbolInformations (/root/.vscode/extensions/small.php-ci-0.4.2/node_modules/vscode-languageclient/lib/protocolConverter.js:336:23)
    at /root/.vscode/extensions/small.php-ci-0.4.2/node_modules/vscode-languageclient/lib/client.js:986:62
    at runNextTicks (internal/process/task_queues.js:59:5)
    at processImmediate (internal/timers.js:412:9)
[2021-02-07 14:31:38.057] [renderer1] [error] Illegal argument: character must be non-negative: Error: Illegal argument: character must be non-negative
    at Object.t.illegalArgument (/usr/share/code/resources/app/out/vs/workbench/services/extensions/node/extensionHostProcess.js:11:10)
    at new y (/usr/share/code/resources/app/out/vs/workbench/services/extensions/node/extensionHostProcess.js:534:424)
    at new y (/usr/share/code/resources/app/out/vs/workbench/services/extensions/node/extensionHostProcess.js:531:904)
    at asPosition (/root/.vscode/extensions/small.php-ci-0.4.2/node_modules/vscode-languageclient/lib/protocolConverter.js:53:16)
    at asRange (/root/.vscode/extensions/small.php-ci-0.4.2/node_modules/vscode-languageclient/lib/protocolConverter.js:59:31)
    at asSymbolInformation (/root/.vscode/extensions/small.php-ci-0.4.2/node_modules/vscode-languageclient/lib/protocolConverter.js:347:85)
    at /root/.vscode/extensions/small.php-ci-0.4.2/node_modules/vscode-languageclient/lib/protocolConverter.js:336:42
    at Array.map (<anonymous>)
    at Object.asSymbolInformations (/root/.vscode/extensions/small.php-ci-0.4.2/node_modules/vscode-languageclient/lib/protocolConverter.js:336:23)
    at /root/.vscode/extensions/small.php-ci-0.4.2/node_modules/vscode-languageclient/lib/client.js:986:62
[2021-02-07 14:33:41.148] [renderer1] [error] Illegal argument: character must be non-negative: Error: Illegal argument: character must be non-negative
    at Object.t.illegalArgument (/usr/share/code/resources/app/out/vs/workbench/services/extensions/node/extensionHostProcess.js:11:10)
    at new y (/usr/share/code/resources/app/out/vs/workbench/services/extensions/node/extensionHostProcess.js:534:424)
    at new y (/usr/share/code/resources/app/out/vs/workbench/services/extensions/node/extensionHostProcess.js:531:904)
    at asPosition (/root/.vscode/extensions/small.php-ci-0.4.2/node_modules/vscode-languageclient/lib/protocolConverter.js:53:16)
    at asRange (/root/.vscode/extensions/small.php-ci-0.4.2/node_modules/vscode-languageclient/lib/protocolConverter.js:59:31)
    at asSymbolInformation (/root/.vscode/extensions/small.php-ci-0.4.2/node_modules/vscode-languageclient/lib/protocolConverter.js:347:85)
    at /root/.vscode/extensions/small.php-ci-0.4.2/node_modules/vscode-languageclient/lib/protocolConverter.js:336:42
    at Array.map (<anonymous>)
    at Object.asSymbolInformations (/root/.vscode/extensions/small.php-ci-0.4.2/node_modules/vscode-languageclient/lib/protocolConverter.js:336:23)
    at /root/.vscode/extensions/small.php-ci-0.4.2/node_modules/vscode-languageclient/lib/client.js:986:62
    at runMicrotasks (<anonymous>)
    at runNextTicks (internal/process/task_queues.js:59:5)
    at processImmediate (internal/timers.js:412:9)
[2021-02-07 14:36:32.994] [renderer1] [error] Illegal argument: character must be non-negative: Error: Illegal argument: character must be non-negative
    at Object.t.illegalArgument (/usr/share/code/resources/app/out/vs/workbench/services/extensions/node/extensionHostProcess.js:11:10)
    at new y (/usr/share/code/resources/app/out/vs/workbench/services/extensions/node/extensionHostProcess.js:534:424)
    at new y (/usr/share/code/resources/app/out/vs/workbench/services/extensions/node/extensionHostProcess.js:531:904)
    at asPosition (/root/.vscode/extensions/small.php-ci-0.4.2/node_modules/vscode-languageclient/lib/protocolConverter.js:53:16)
    at asRange (/root/.vscode/extensions/small.php-ci-0.4.2/node_modules/vscode-languageclient/lib/protocolConverter.js:59:31)
    at asSymbolInformation (/root/.vscode/extensions/small.php-ci-0.4.2/node_modules/vscode-languageclient/lib/protocolConverter.js:347:85)
    at /root/.vscode/extensions/small.php-ci-0.4.2/node_modules/vscode-languageclient/lib/protocolConverter.js:336:42
    at Array.map (<anonymous>)
    at Object.asSymbolInformations (/root/.vscode/extensions/small.php-ci-0.4.2/node_modules/vscode-languageclient/lib/protocolConverter.js:336:23)
    at /root/.vscode/extensions/small.php-ci-0.4.2/node_modules/vscode-languageclient/lib/client.js:986:62
    at runMicrotasks (<anonymous>)
    at runNextTicks (internal/process/task_queues.js:59:5)
    at processImmediate (internal/timers.js:412:9)
[2021-02-07 14:36:42.076] [renderer1] [error] Illegal argument: character must be non-negative: Error: Illegal argument: character must be non-negative
    at Object.t.illegalArgument (/usr/share/code/resources/app/out/vs/workbench/services/extensions/node/extensionHostProcess.js:11:10)
    at new y (/usr/share/code/resources/app/out/vs/workbench/services/extensions/node/extensionHostProcess.js:534:424)
    at new y (/usr/share/code/resources/app/out/vs/workbench/services/extensions/node/extensionHostProcess.js:531:904)
    at asPosition (/root/.vscode/extensions/small.php-ci-0.4.2/node_modules/vscode-languageclient/lib/protocolConverter.js:53:16)
    at asRange (/root/.vscode/extensions/small.php-ci-0.4.2/node_modules/vscode-languageclient/lib/protocolConverter.js:59:31)
    at asSymbolInformation (/root/.vscode/extensions/small.php-ci-0.4.2/node_modules/vscode-languageclient/lib/protocolConverter.js:347:85)
    at /root/.vscode/extensions/small.php-ci-0.4.2/node_modules/vscode-languageclient/lib/protocolConverter.js:336:42
    at Array.map (<anonymous>)
    at Object.asSymbolInformations (/root/.vscode/extensions/small.php-ci-0.4.2/node_modules/vscode-languageclient/lib/protocolConverter.js:336:23)
    at /root/.vscode/extensions/small.php-ci-0.4.2/node_modules/vscode-languageclient/lib/client.js:986:62
    at runMicrotasks (<anonymous>)
    at runNextTicks (internal/process/task_queues.js:59:5)
    at processImmediate (internal/timers.js:412:9)
[2021-02-07 14:37:39.206] [renderer1] [error] Illegal argument: character must be non-negative: Error: Illegal argument: character must be non-negative
    at Object.t.illegalArgument (/usr/share/code/resources/app/out/vs/workbench/services/extensions/node/extensionHostProcess.js:11:10)
    at new y (/usr/share/code/resources/app/out/vs/workbench/services/extensions/node/extensionHostProcess.js:534:424)
    at new y (/usr/share/code/resources/app/out/vs/workbench/services/extensions/node/extensionHostProcess.js:531:904)
    at asPosition (/root/.vscode/extensions/small.php-ci-0.4.2/node_modules/vscode-languageclient/lib/protocolConverter.js:53:16)
    at asRange (/root/.vscode/extensions/small.php-ci-0.4.2/node_modules/vscode-languageclient/lib/protocolConverter.js:59:31)
    at asSymbolInformation (/root/.vscode/extensions/small.php-ci-0.4.2/node_modules/vscode-languageclient/lib/protocolConverter.js:347:85)
    at /root/.vscode/extensions/small.php-ci-0.4.2/node_modules/vscode-languageclient/lib/protocolConverter.js:336:42
    at Array.map (<anonymous>)
    at Object.asSymbolInformations (/root/.vscode/extensions/small.php-ci-0.4.2/node_modules/vscode-languageclient/lib/protocolConverter.js:336:23)
    at /root/.vscode/extensions/small.php-ci-0.4.2/node_modules/vscode-languageclient/lib/client.js:986:62
    at runMicrotasks (<anonymous>)
    at runNextTicks (internal/process/task_queues.js:59:5)
    at processImmediate (internal/timers.js:412:9)
[2021-02-07 14:39:20.010] [renderer1] [error] Illegal argument: range: Error: Illegal argument: range
    at Object.t.illegalArgument (/usr/share/code/resources/app/out/vs/workbench/services/extensions/node/extensionHostProcess.js:11:10)
    at new ue (/usr/share/code/resources/app/out/vs/workbench/services/extensions/node/extensionHostProcess.js:552:198)
    at new ue (/usr/share/code/resources/app/out/vs/workbench/services/extensions/node/extensionHostProcess.js:531:904)
    at new ProtocolDocumentLink (/root/.vscode/extensions/small.php-ci-0.4.2/node_modules/vscode-languageclient/lib/protocolDocumentLink.js:10:9)
    at asDocumentLink (/root/.vscode/extensions/small.php-ci-0.4.2/node_modules/vscode-languageclient/lib/protocolConverter.js:466:20)
    at Array.map (<anonymous>)
    at asDocumentLinks (/root/.vscode/extensions/small.php-ci-0.4.2/node_modules/vscode-languageclient/lib/protocolConverter.js:476:22)
[2021-02-07 14:39:54.366] [renderer1] [error] Illegal argument: character must be non-negative: Error: Illegal argument: character must be non-negative
    at Object.t.illegalArgument (/usr/share/code/resources/app/out/vs/workbench/services/extensions/node/extensionHostProcess.js:11:10)
    at new y (/usr/share/code/resources/app/out/vs/workbench/services/extensions/node/extensionHostProcess.js:534:424)
    at new y (/usr/share/code/resources/app/out/vs/workbench/services/extensions/node/extensionHostProcess.js:531:904)
    at asPosition (/root/.vscode/extensions/small.php-ci-0.4.2/node_modules/vscode-languageclient/lib/protocolConverter.js:53:16)
    at asRange (/root/.vscode/extensions/small.php-ci-0.4.2/node_modules/vscode-languageclient/lib/protocolConverter.js:59:31)
    at asSymbolInformation (/root/.vscode/extensions/small.php-ci-0.4.2/node_modules/vscode-languageclient/lib/protocolConverter.js:347:85)
    at /root/.vscode/extensions/small.php-ci-0.4.2/node_modules/vscode-languageclient/lib/protocolConverter.js:336:42
    at Array.map (<anonymous>)
    at Object.asSymbolInformations (/root/.vscode/extensions/small.php-ci-0.4.2/node_modules/vscode-languageclient/lib/protocolConverter.js:336:23)
    at /root/.vscode/extensions/small.php-ci-0.4.2/node_modules/vscode-languageclient/lib/client.js:986:62
    at runMicrotasks (<anonymous>)
    at runNextTicks (internal/process/task_queues.js:59:5)
    at processImmediate (internal/timers.js:412:9)
[2021-02-07 14:45:23.131] [renderer1] [error] Illegal argument: character must be non-negative: Error: Illegal argument: character must be non-negative
    at Object.t.illegalArgument (/usr/share/code/resources/app/out/vs/workbench/services/extensions/node/extensionHostProcess.js:11:10)
    at new y (/usr/share/code/resources/app/out/vs/workbench/services/extensions/node/extensionHostProcess.js:534:424)
    at new y (/usr/share/code/resources/app/out/vs/workbench/services/extensions/node/extensionHostProcess.js:531:904)
    at asPosition (/root/.vscode/extensions/small.php-ci-0.4.2/node_modules/vscode-languageclient/lib/protocolConverter.js:53:16)
    at asRange (/root/.vscode/extensions/small.php-ci-0.4.2/node_modules/vscode-languageclient/lib/protocolConverter.js:59:31)
    at asSymbolInformation (/root/.vscode/extensions/small.php-ci-0.4.2/node_modules/vscode-languageclient/lib/protocolConverter.js:347:85)
    at /root/.vscode/extensions/small.php-ci-0.4.2/node_modules/vscode-languageclient/lib/protocolConverter.js:336:42
    at Array.map (<anonymous>)
    at Object.asSymbolInformations (/root/.vscode/extensions/small.php-ci-0.4.2/node_modules/vscode-languageclient/lib/protocolConverter.js:336:23)
    at /root/.vscode/extensions/small.php-ci-0.4.2/node_modules/vscode-languageclient/lib/client.js:986:62
    at runMicrotasks (<anonymous>)
    at runNextTicks (internal/process/task_queues.js:59:5)
    at processImmediate (internal/timers.js:412:9)
[2021-02-07 14:57:17.234] [renderer1] [error] Illegal argument: character must be non-negative: Error: Illegal argument: character must be non-negative
    at Object.t.illegalArgument (/usr/share/code/resources/app/out/vs/workbench/services/extensions/node/extensionHostProcess.js:11:10)
    at new y (/usr/share/code/resources/app/out/vs/workbench/services/extensions/node/extensionHostProcess.js:534:424)
    at new y (/usr/share/code/resources/app/out/vs/workbench/services/extensions/node/extensionHostProcess.js:531:904)
    at asPosition (/root/.vscode/extensions/small.php-ci-0.4.2/node_modules/vscode-languageclient/lib/protocolConverter.js:53:16)
    at asRange (/root/.vscode/extensions/small.php-ci-0.4.2/node_modules/vscode-languageclient/lib/protocolConverter.js:59:31)
    at asSymbolInformation (/root/.vscode/extensions/small.php-ci-0.4.2/node_modules/vscode-languageclient/lib/protocolConverter.js:347:85)
    at /root/.vscode/extensions/small.php-ci-0.4.2/node_modules/vscode-languageclient/lib/protocolConverter.js:336:42
    at Array.map (<anonymous>)
    at Object.asSymbolInformations (/root/.vscode/extensions/small.php-ci-0.4.2/node_modules/vscode-languageclient/lib/protocolConverter.js:336:23)
    at /root/.vscode/extensions/small.php-ci-0.4.2/node_modules/vscode-languageclient/lib/client.js:986:62
    at runMicrotasks (<anonymous>)
    at runNextTicks (internal/process/task_queues.js:59:5)
    at processImmediate (internal/timers.js:412:9)
[2021-02-07 15:06:04.685] [renderer1] [error] Illegal argument: character must be non-negative: Error: Illegal argument: character must be non-negative
    at Object.t.illegalArgument (/usr/share/code/resources/app/out/vs/workbench/services/extensions/node/extensionHostProcess.js:11:10)
    at new y (/usr/share/code/resources/app/out/vs/workbench/services/extensions/node/extensionHostProcess.js:534:424)
    at new y (/usr/share/code/resources/app/out/vs/workbench/services/extensions/node/extensionHostProcess.js:531:904)
    at asPosition (/root/.vscode/extensions/small.php-ci-0.4.2/node_modules/vscode-languageclient/lib/protocolConverter.js:53:16)
    at asRange (/root/.vscode/extensions/small.php-ci-0.4.2/node_modules/vscode-languageclient/lib/protocolConverter.js:59:31)
    at asSymbolInformation (/root/.vscode/extensions/small.php-ci-0.4.2/node_modules/vscode-languageclient/lib/protocolConverter.js:347:85)
    at /root/.vscode/extensions/small.php-ci-0.4.2/node_modules/vscode-languageclient/lib/protocolConverter.js:336:42
    at Array.map (<anonymous>)
    at Object.asSymbolInformations (/root/.vscode/extensions/small.php-ci-0.4.2/node_modules/vscode-languageclient/lib/protocolConverter.js:336:23)
    at /root/.vscode/extensions/small.php-ci-0.4.2/node_modules/vscode-languageclient/lib/client.js:986:62
    at runMicrotasks (<anonymous>)
    at runNextTicks (internal/process/task_queues.js:59:5)
    at processImmediate (internal/timers.js:412:9)
[2021-02-07 15:13:02.817] [renderer1] [error] Illegal argument: character must be non-negative: Error: Illegal argument: character must be non-negative
    at Object.t.illegalArgument (/usr/share/code/resources/app/out/vs/workbench/services/extensions/node/extensionHostProcess.js:11:10)
    at new y (/usr/share/code/resources/app/out/vs/workbench/services/extensions/node/extensionHostProcess.js:534:424)
    at new y (/usr/share/code/resources/app/out/vs/workbench/services/extensions/node/extensionHostProcess.js:531:904)
    at asPosition (/root/.vscode/extensions/small.php-ci-0.4.2/node_modules/vscode-languageclient/lib/protocolConverter.js:53:16)
    at asRange (/root/.vscode/extensions/small.php-ci-0.4.2/node_modules/vscode-languageclient/lib/protocolConverter.js:59:31)
    at asSymbolInformation (/root/.vscode/extensions/small.php-ci-0.4.2/node_modules/vscode-languageclient/lib/protocolConverter.js:347:85)
    at /root/.vscode/extensions/small.php-ci-0.4.2/node_modules/vscode-languageclient/lib/protocolConverter.js:336:42
    at Array.map (<anonymous>)
    at Object.asSymbolInformations (/root/.vscode/extensions/small.php-ci-0.4.2/node_modules/vscode-languageclient/lib/protocolConverter.js:336:23)
    at /root/.vscode/extensions/small.php-ci-0.4.2/node_modules/vscode-languageclient/lib/client.js:986:62
    at runMicrotasks (<anonymous>)
    at runNextTicks (internal/process/task_queues.js:59:5)
    at processImmediate (internal/timers.js:412:9)
[2021-02-07 15:45:08.802] [renderer1] [error] Illegal argument: character must be non-negative: Error: Illegal argument: character must be non-negative
    at Object.t.illegalArgument (/usr/share/code/resources/app/out/vs/workbench/services/extensions/node/extensionHostProcess.js:11:10)
    at new y (/usr/share/code/resources/app/out/vs/workbench/services/extensions/node/extensionHostProcess.js:534:424)
    at new y (/usr/share/code/resources/app/out/vs/workbench/services/extensions/node/extensionHostProcess.js:531:904)
    at asPosition (/root/.vscode/extensions/small.php-ci-0.4.2/node_modules/vscode-languageclient/lib/protocolConverter.js:53:16)
    at asRange (/root/.vscode/extensions/small.php-ci-0.4.2/node_modules/vscode-languageclient/lib/protocolConverter.js:59:31)
    at asSymbolInformation (/root/.vscode/extensions/small.php-ci-0.4.2/node_modules/vscode-languageclient/lib/protocolConverter.js:347:85)
    at /root/.vscode/extensions/small.php-ci-0.4.2/node_modules/vscode-languageclient/lib/protocolConverter.js:336:42
    at Array.map (<anonymous>)
    at Object.asSymbolInformations (/root/.vscode/extensions/small.php-ci-0.4.2/node_modules/vscode-languageclient/lib/protocolConverter.js:336:23)
    at /root/.vscode/extensions/small.php-ci-0.4.2/node_modules/vscode-languageclient/lib/client.js:986:62
